#
# There is insufficient memory for the Java Runtime Environment to continue.
# Native memory allocation (malloc) failed to allocate 32744 bytes for ChunkPool::allocate
# Possible reasons:
#   The system is out of physical RAM or swap space
#   The process is running with CompressedOops enabled, and the Java Heap may be blocking the growth of the native heap
# Possible solutions:
#   Reduce memory load on the system
#   Increase physical memory or swap space
#   Check if swap backing store is full
#   Decrease Java heap size (-Xmx/-Xms)
#   Decrease number of Java threads
#   Decrease Java thread stack sizes (-Xss)
#   Set larger code cache with -XX:ReservedCodeCacheSize=
#   JVM is running with Unscaled Compressed Oops mode in which the Java heap is
#     placed in the first 4GB address space. The Java Heap base address is the
#     maximum limit for the native heap growth. Please use -XX:HeapBaseMinAddress
#     to set the Java Heap base and to place the Java Heap above 4GB virtual address.
# This output file may be truncated or incomplete.
#
#  Out of Memory Error (allocation.cpp:272), pid=27724, tid=0x0000000000004344
#
# JRE version: Java(TM) SE Runtime Environment (8.0_351-b10) (build 1.8.0_351-b10)
# Java VM: Java HotSpot(TM) 64-Bit Server VM (25.351-b10 mixed mode windows-amd64 compressed oops)
# Failed to write core dump. Minidumps are not enabled by default on client versions of Windows
#

---------------  T H R E A D  ---------------

Current thread (0x000001bd765cc000):  JavaThread "C2 CompilerThread1" daemon [_thread_in_native, id=17220, stack(0x000000199c400000,0x000000199c500000)]

Stack: [0x000000199c400000,0x000000199c500000]
Native frames: (J=compiled Java code, j=interpreted, Vv=VM code, C=native code)
V  [jvm.dll+0x3300b9]
V  [jvm.dll+0x276632]
V  [jvm.dll+0x2772dd]
V  [jvm.dll+0x26dc85]
V  [jvm.dll+0xd5ced]
V  [jvm.dll+0xd604c]
V  [jvm.dll+0x4545c5]
V  [jvm.dll+0x48f62d]
V  [jvm.dll+0x4439b8]
V  [jvm.dll+0x4413ab]
V  [jvm.dll+0x42c27b]
V  [jvm.dll+0xac69b]
V  [jvm.dll+0xaacfb]
V  [jvm.dll+0x23ec62]
V  [jvm.dll+0x29330c]
C  [ucrtbase.dll+0x29363]
C  [KERNEL32.DLL+0x1257d]
C  [ntdll.dll+0x5aa58]


Current CompileTask:
C2:    242  275       4       java.lang.String::indexOf (166 bytes)


---------------  P R O C E S S  ---------------

Java Threads: ( => current thread )
  0x000001bd78ad5000 JavaThread "Service Thread" daemon [_thread_blocked, id=24440, stack(0x000000199c700000,0x000000199c800000)]
  0x000001bd765d7000 JavaThread "C1 CompilerThread3" daemon [_thread_in_native, id=28608, stack(0x000000199c600000,0x000000199c700000)]
  0x000001bd765d2000 JavaThread "C2 CompilerThread2" daemon [_thread_blocked, id=24192, stack(0x000000199c500000,0x000000199c600000)]
=>0x000001bd765cc000 JavaThread "C2 CompilerThread1" daemon [_thread_in_native, id=17220, stack(0x000000199c400000,0x000000199c500000)]
  0x000001bd765ca000 JavaThread "C2 CompilerThread0" daemon [_thread_blocked, id=17552, stack(0x000000199c300000,0x000000199c400000)]
  0x000001bd765c8800 JavaThread "Attach Listener" daemon [_thread_blocked, id=18872, stack(0x000000199c200000,0x000000199c300000)]
  0x000001bd765c7800 JavaThread "Signal Dispatcher" daemon [_thread_blocked, id=4764, stack(0x000000199c100000,0x000000199c200000)]
  0x000001bd7659f800 JavaThread "Finalizer" daemon [_thread_blocked, id=18688, stack(0x000000199c000000,0x000000199c100000)]
  0x000001bd76590800 JavaThread "Reference Handler" daemon [_thread_blocked, id=26536, stack(0x000000199bf00000,0x000000199c000000)]
  0x000001bd6f835000 JavaThread "main" [_thread_in_vm, id=10896, stack(0x000000199b300000,0x000000199b400000)]

Other Threads:
  0x000001bd76567000 VMThread [stack: 0x000000199be00000,0x000000199bf00000] [id=12984]
  0x000001bd78aa0000 WatcherThread [stack: 0x000000199c800000,0x000000199c900000] [id=22076]

VM state:not at safepoint (normal execution)

VM Mutex/Monitor currently owned by a thread: None

heap address: 0x000000008a800000, size: 1880 MB, Compressed Oops mode: 32-bit
Narrow klass base: 0x0000000000000000, Narrow klass shift: 3
Compressed class space size: 1073741824 Address: 0x0000000100000000

Heap:
 PSYoungGen      total 35328K, used 6847K [0x00000000d8d80000, 0x00000000db480000, 0x0000000100000000)
  eden space 30720K, 22% used [0x00000000d8d80000,0x00000000d942fca0,0x00000000dab80000)
  from space 4608K, 0% used [0x00000000db000000,0x00000000db000000,0x00000000db480000)
  to   space 4608K, 0% used [0x00000000dab80000,0x00000000dab80000,0x00000000db000000)
 ParOldGen       total 80896K, used 0K [0x000000008a800000, 0x000000008f700000, 0x00000000d8d80000)
  object space 80896K, 0% used [0x000000008a800000,0x000000008a800000,0x000000008f700000)
 Metaspace       used 4463K, capacity 5484K, committed 5760K, reserved 1058816K
  class space    used 479K, capacity 536K, committed 640K, reserved 1048576K

Card table byte_map: [0x000001bd71660000,0x000001bd71a10000] byte_map_base: 0x000001bd7120c000

Marking Bits: (ParMarkBitMap*) 0x00000000592d8fd0
 Begin Bits: [0x000001bd71c90000, 0x000001bd739f0000)
 End Bits:   [0x000001bd739f0000, 0x000001bd75750000)

Polling page: 0x000001bd6fa90000

CodeCache: size=245760Kb used=1709Kb max_used=1716Kb free=244050Kb
 bounds [0x000001bd00000000, 0x000001bd00270000, 0x000001bd0f000000]
 total_blobs=521 nmethods=270 adapters=165
 compilation: enabled

Compilation events (10 events):
Event: 0.216 Thread 0x000001bd765d7000  267       3       sun.misc.URLClassPath$JarLoader::findResource (18 bytes)
Event: 0.217 Thread 0x000001bd765d7000 nmethod 267 0x000001bd001ad990 code [0x000001bd001adb00, 0x000001bd001adda0]
Event: 0.218 Thread 0x000001bd765d7000  268       3       sun.misc.URLClassPath::access$100 (7 bytes)
Event: 0.218 Thread 0x000001bd765d7000 nmethod 268 0x000001bd001a7490 code [0x000001bd001a7600, 0x000001bd001a7770]
Event: 0.218 Thread 0x000001bd765d7000  269       1       java.util.HashMap$Node::getKey (5 bytes)
Event: 0.218 Thread 0x000001bd765d7000 nmethod 269 0x000001bd001ad6d0 code [0x000001bd001ad820, 0x000001bd001ad938]
Event: 0.218 Thread 0x000001bd765d7000  270       3       sun.net.www.protocol.file.Handler::parseURL (18 bytes)
Event: 0.219 Thread 0x000001bd765d7000 nmethod 270 0x000001bd001ad1d0 code [0x000001bd001ad340, 0x000001bd001ad5c0]
Event: 0.219 Thread 0x000001bd765d7000  271       3       java.net.URLStreamHandler::parseURL (1193 bytes)
Event: 0.224 Thread 0x000001bd765cc000  275       4       java.lang.String::indexOf (166 bytes)

GC Heap History (0 events):
No events

Deoptimization events (0 events):
No events

Classes redefined (0 events):
No events

Internal exceptions (10 events):
Event: 0.154 Thread 0x000001bd6f835000 Exception <a 'java/security/PrivilegedActionException'> (0x00000000d90e3c70) thrown at [C:\jenkins\workspace\8-2-build-windows-x64-cygwin\jdk8u351\2908\hotspot\src\share\vm\prims\jvm.cpp, line 1513]
Event: 0.154 Thread 0x000001bd6f835000 Exception <a 'java/security/PrivilegedActionException'> (0x00000000d90e4068) thrown at [C:\jenkins\workspace\8-2-build-windows-x64-cygwin\jdk8u351\2908\hotspot\src\share\vm\prims\jvm.cpp, line 1513]
Event: 0.162 Thread 0x000001bd6f835000 Exception <a 'java/lang/NullPointerException'> (0x00000000d9109158) thrown at [C:\jenkins\workspace\8-2-build-windows-x64-cygwin\jdk8u351\2908\hotspot\src\share\vm\interpreter\linkResolver.cpp, line 1185]
Event: 0.162 Thread 0x000001bd6f835000 Exception <a 'java/lang/NullPointerException'> (0x00000000d9109360) thrown at [C:\jenkins\workspace\8-2-build-windows-x64-cygwin\jdk8u351\2908\hotspot\src\share\vm\interpreter\linkResolver.cpp, line 1185]
Event: 0.162 Thread 0x000001bd6f835000 Exception <a 'java/lang/NullPointerException'> (0x00000000d9109568) thrown at [C:\jenkins\workspace\8-2-build-windows-x64-cygwin\jdk8u351\2908\hotspot\src\share\vm\interpreter\linkResolver.cpp, line 1185]
Event: 0.163 Thread 0x000001bd6f835000 Exception <a 'java/lang/NullPointerException'> (0x00000000d9111f88) thrown at [C:\jenkins\workspace\8-2-build-windows-x64-cygwin\jdk8u351\2908\hotspot\src\share\vm\interpreter\linkResolver.cpp, line 1185]
Event: 0.164 Thread 0x000001bd6f835000 Exception <a 'java/lang/NullPointerException'> (0x00000000d912ad78) thrown at [C:\jenkins\workspace\8-2-build-windows-x64-cygwin\jdk8u351\2908\hotspot\src\share\vm\interpreter\linkResolver.cpp, line 1185]
Event: 0.164 Thread 0x000001bd6f835000 Exception <a 'java/lang/NullPointerException'> (0x00000000d912af80) thrown at [C:\jenkins\workspace\8-2-build-windows-x64-cygwin\jdk8u351\2908\hotspot\src\share\vm\interpreter\linkResolver.cpp, line 1185]
Event: 0.164 Thread 0x000001bd6f835000 Exception <a 'java/lang/NullPointerException'> (0x00000000d912b188) thrown at [C:\jenkins\workspace\8-2-build-windows-x64-cygwin\jdk8u351\2908\hotspot\src\share\vm\interpreter\linkResolver.cpp, line 1185]
Event: 0.164 Thread 0x000001bd6f835000 Exception <a 'java/lang/NullPointerException'> (0x00000000d912b390) thrown at [C:\jenkins\workspace\8-2-build-windows-x64-cygwin\jdk8u351\2908\hotspot\src\share\vm\interpreter\linkResolver.cpp, line 1185]

Events (10 events):
Event: 0.223 loading class org/apache/maven/project/ExtensionDescriptorBuilder
Event: 0.223 loading class org/apache/maven/project/ExtensionDescriptorBuilder done
Event: 0.223 loading class org/codehaus/plexus/util/xml/pull/XmlPullParserException
Event: 0.223 loading class org/codehaus/plexus/util/xml/pull/XmlPullParserException done
Event: 0.224 loading class org/codehaus/plexus/util/xml/XmlStreamReader
Event: 0.224 loading class org/codehaus/plexus/util/xml/XmlStreamReader done
Event: 0.224 loading class org/codehaus/plexus/util/xml/XmlReader
Event: 0.224 loading class org/codehaus/plexus/util/xml/XmlReader done
Event: 0.224 Thread 0x000001bd6f835000 DEOPT PACKING pc=0x000001bd0011d176 sp=0x000000199b3f8100
Event: 0.224 Thread 0x000001bd6f835000 DEOPT UNPACKING pc=0x000001bd00047518 sp=0x000000199b3f7dd8 mode 0


Dynamic libraries:
0x00007ff7e2410000 - 0x00007ff7e2457000 	C:\Program Files\Java\jdk1.8.0_351\bin\java.exe
0x00007fff66270000 - 0x00007fff66487000 	C:\WINDOWS\SYSTEM32\ntdll.dll
0x00007fff65200000 - 0x00007fff652c4000 	C:\WINDOWS\System32\KERNEL32.DLL
0x00007fff63830000 - 0x00007fff63bd7000 	C:\WINDOWS\System32\KERNELBASE.dll
0x00007fff64a50000 - 0x00007fff64b00000 	C:\WINDOWS\System32\ADVAPI32.dll
0x00007fff65d60000 - 0x00007fff65e07000 	C:\WINDOWS\System32\msvcrt.dll
0x00007fff659a0000 - 0x00007fff65a46000 	C:\WINDOWS\System32\sechost.dll
0x00007fff64b90000 - 0x00007fff64ca7000 	C:\WINDOWS\System32\RPCRT4.dll
0x00007fff65f30000 - 0x00007fff660de000 	C:\WINDOWS\System32\USER32.dll
0x00007fff63f00000 - 0x00007fff63f26000 	C:\WINDOWS\System32\win32u.dll
0x00007fff64930000 - 0x00007fff64959000 	C:\WINDOWS\System32\GDI32.dll
0x00007fff635f0000 - 0x00007fff63709000 	C:\WINDOWS\System32\gdi32full.dll
0x00007fff63f30000 - 0x00007fff63fca000 	C:\WINDOWS\System32\msvcp_win.dll
0x00007fff63710000 - 0x00007fff63821000 	C:\WINDOWS\System32\ucrtbase.dll
0x00007fff4cf10000 - 0x00007fff4d1a3000 	C:\WINDOWS\WinSxS\amd64_microsoft.windows.common-controls_6595b64144ccf1df_6.0.22621.2506_none_270c5ae97388e100\COMCTL32.dll
0x00007fff64a10000 - 0x00007fff64a41000 	C:\WINDOWS\System32\IMM32.DLL
0x00007fff47cb0000 - 0x00007fff47cc5000 	C:\Program Files\Java\jdk1.8.0_351\jre\bin\vcruntime140.dll
0x00007fff15f00000 - 0x00007fff15f9b000 	C:\Program Files\Java\jdk1.8.0_351\jre\bin\msvcp140.dll
0x0000000058af0000 - 0x0000000059351000 	C:\Program Files\Java\jdk1.8.0_351\jre\bin\server\jvm.dll
0x00007fff64830000 - 0x00007fff64838000 	C:\WINDOWS\System32\PSAPI.DLL
0x00007fff5acc0000 - 0x00007fff5acf4000 	C:\WINDOWS\SYSTEM32\WINMM.dll
0x00007fff25790000 - 0x00007fff25799000 	C:\WINDOWS\SYSTEM32\WSOCK32.dll
0x00007fff5acb0000 - 0x00007fff5acba000 	C:\WINDOWS\SYSTEM32\VERSION.dll
0x00007fff65920000 - 0x00007fff65991000 	C:\WINDOWS\System32\WS2_32.dll
0x00007fff625c0000 - 0x00007fff625d8000 	C:\WINDOWS\SYSTEM32\kernel.appcore.dll
0x00007fff47e40000 - 0x00007fff47e50000 	C:\Program Files\Java\jdk1.8.0_351\jre\bin\verify.dll
0x00007fff27a70000 - 0x00007fff27a9b000 	C:\Program Files\Java\jdk1.8.0_351\jre\bin\java.dll
0x00007fff41fe0000 - 0x00007fff41ff8000 	C:\Program Files\Java\jdk1.8.0_351\jre\bin\zip.dll
0x00007fff63fd0000 - 0x00007fff64829000 	C:\WINDOWS\System32\SHELL32.dll
0x00007fff614c0000 - 0x00007fff61db4000 	C:\WINDOWS\SYSTEM32\windows.storage.dll
0x00007fff652d0000 - 0x00007fff65659000 	C:\WINDOWS\System32\combase.dll
0x00007fff61380000 - 0x00007fff614be000 	C:\WINDOWS\SYSTEM32\wintypes.dll
0x00007fff65810000 - 0x00007fff65903000 	C:\WINDOWS\System32\SHCORE.dll
0x00007fff64cb0000 - 0x00007fff64d0e000 	C:\WINDOWS\System32\shlwapi.dll
0x00007fff63520000 - 0x00007fff63546000 	C:\WINDOWS\SYSTEM32\profapi.dll
0x0000000069ac0000 - 0x0000000069ae4000 	C:\Program Files\NetBeans-15\netbeans\java\maven\lib\jansi-native\Windows\x86_64\jansi.dll
0x00007fff51700000 - 0x00007fff51933000 	C:\WINDOWS\SYSTEM32\dbghelp.dll
0x00007fff64840000 - 0x00007fff64917000 	C:\WINDOWS\System32\OLEAUT32.dll
0x00007fff63e80000 - 0x00007fff63efa000 	C:\WINDOWS\System32\bcryptPrimitives.dll

VM Arguments:
jvm_args: -Dclassworlds.conf=C:\Program Files\NetBeans-15\netbeans\java\maven\bin\m2.conf -Dmaven.home=C:\Program Files\NetBeans-15\netbeans\java\maven -Dlibrary.jansi.path=C:\Program Files\NetBeans-15\netbeans\java\maven\lib\jansi-native -Dmaven.multiModuleProjectDirectory=C:\Users\carlo\OneDrive\Documentos\NetBeansProjects\criptothechaulis 
java_command: org.codehaus.plexus.classworlds.launcher.Launcher -Dnetbeans.deploy=true -Dexec.vmArgs= -Dexec.appArgs= -Dmaven.ext.class.path=C:\Program Files\NetBeans-15\netbeans\java\maven-nblib\netbeans-eventspy.jar -Dfile.encoding=UTF-8 package
java_class_path (initial): C:\Program Files\NetBeans-15\netbeans\java\maven\boot\plexus-classworlds-2.6.0.jar
Launcher Type: SUN_STANDARD

Environment Variables:
JAVA_HOME=C:\Program Files\Java\jdk1.8.0_351
PATH=c:\program files\microsoft\jdk-11.0.16.101-hotspot\bin;c:\program files (x86)\common files\oracle\java\javapath;c:\windows\system32;c:\windows;c:\windows\system32\wbem;c:\windows\system32\windowspowershell\v1.0\;c:\windows\system32\openssh\;c:\program files\nvidia corporation\nvidia nvdlisr;c:\program files\microsoft sql server\150\tools\binn\;c:\xampp\mysql\bin;c:\program files\microsoft sql server\client sdk\odbc\170\tools\binn\;c:\program files\dotnet\;c:\program files (x86)\windows kits\10\windows performance toolkit\;c:\program files (x86)\microsoft sql server\160\tools\binn\;c:\program files\microsoft sql server\160\tools\binn\;c:\program files\microsoft sql server\160\dts\binn\;c:\program files (x86)\microsoft sql server\160\dts\binn\;c:\program files\azure data studio\bin;d:\programasdev\nodejs\;c:\curl;d:\programasdev\flutter;\\wsl.localhost\ubuntu\home\carlos\.turso;;C:\Program Files (x86)\NVIDIA Corporation\PhysX\Common;C:\Users\carlo\AppData\Local\Microsoft\WindowsApps;D:\Microsoft VS Code\bin;C:\Users\carlo\.dotnet\tools;C:\Program Files\Azure Data Studio\bin;C:\Users\carlo\AppData\Roaming\npm
USERNAME=carlo
OS=Windows_NT
PROCESSOR_IDENTIFIER=AMD64 Family 25 Model 80 Stepping 0, AuthenticAMD



---------------  S Y S T E M  ---------------

OS: Windows 11 , 64 bit Build 22621 (10.0.22621.2506)

CPU:total 12 (initial active 12) (12 cores per cpu, 1 threads per core) family 25 model 80 stepping 0, cmov, cx8, fxsr, mmx, sse, sse2, sse3, ssse3, sse4.1, sse4.2, popcnt, avx, avx2, aes, clmul, erms, mmxext, 3dnowpref, lzcnt, sse4a, tsc, tscinvbit, tscinv, bmi1

Memory: 4k page, physical 7699524k(387864k free), swap 22862812k(2904k free)

vm_info: Java HotSpot(TM) 64-Bit Server VM (25.351-b10) for windows-amd64 JRE (1.8.0_351-b10), built on Sep 15 2022 02:58:06 by "java_re" with MS VC++ 15.9 (VS2017)

time: Wed Nov 15 13:21:49 2023
timezone: Hora est. Pacífico, Sudamérica
elapsed time: 0.246043 seconds (0d 0h 0m 0s)

